The system is: Linux - 3.10.0-1062.12.1.el7.x86_64 - x86_64
Compiling the C compiler identification source file "CMakeCCompilerId.c" succeeded.
Compiler: /usr/local/bin/gcc 
Build flags: 
Id flags:  

The output was:
0


Compilation of the C compiler identification source "CMakeCCompilerId.c" produced "a.out"

The C compiler identification is GNU, found in "/home/xiuye/programming/cpp/NtyCo/sample/CMakeFiles/3.17.3/CompilerIdC/a.out"

Compiling the CXX compiler identification source file "CMakeCXXCompilerId.cpp" succeeded.
Compiler: /usr/local/bin/c++ 
Build flags: 
Id flags:  

The output was:
0


Compilation of the CXX compiler identification source "CMakeCXXCompilerId.cpp" produced "a.out"

The CXX compiler identification is GNU, found in "/home/xiuye/programming/cpp/NtyCo/sample/CMakeFiles/3.17.3/CompilerIdCXX/a.out"

Determining if the C compiler works passed with the following output:
Change Dir: /home/xiuye/programming/cpp/NtyCo/sample/CMakeFiles/CMakeTmp

Run Build Command(s):/usr/bin/gmake cmTC_ee2c9/fast && /usr/bin/gmake  -f CMakeFiles/cmTC_ee2c9.dir/build.make CMakeFiles/cmTC_ee2c9.dir/build
gmake[1]: 进入目录“/home/xiuye/programming/cpp/NtyCo/sample/CMakeFiles/CMakeTmp”
Building C object CMakeFiles/cmTC_ee2c9.dir/testCCompiler.c.o
/usr/local/bin/gcc    -o CMakeFiles/cmTC_ee2c9.dir/testCCompiler.c.o   -c /home/xiuye/programming/cpp/NtyCo/sample/CMakeFiles/CMakeTmp/testCCompiler.c
Linking C executable cmTC_ee2c9
/home/xiuye/application/cmake-3.17.3-Linux-x86_64/bin/cmake -E cmake_link_script CMakeFiles/cmTC_ee2c9.dir/link.txt --verbose=1
/usr/local/bin/gcc      -rdynamic CMakeFiles/cmTC_ee2c9.dir/testCCompiler.c.o  -o cmTC_ee2c9 
gmake[1]: 离开目录“/home/xiuye/programming/cpp/NtyCo/sample/CMakeFiles/CMakeTmp”



Detecting C compiler ABI info compiled with the following output:
Change Dir: /home/xiuye/programming/cpp/NtyCo/sample/CMakeFiles/CMakeTmp

Run Build Command(s):/usr/bin/gmake cmTC_7e8ed/fast && /usr/bin/gmake  -f CMakeFiles/cmTC_7e8ed.dir/build.make CMakeFiles/cmTC_7e8ed.dir/build
gmake[1]: Entering directory `/home/xiuye/programming/cpp/NtyCo/sample/CMakeFiles/CMakeTmp'
Building C object CMakeFiles/cmTC_7e8ed.dir/CMakeCCompilerABI.c.o
/usr/local/bin/gcc   -v -o CMakeFiles/cmTC_7e8ed.dir/CMakeCCompilerABI.c.o   -c /home/xiuye/application/cmake-3.17.3-Linux-x86_64/share/cmake-3.17/Modules/CMakeCCompilerABI.c
Using built-in specs.
COLLECT_GCC=/usr/local/bin/gcc
Target: x86_64-pc-linux-gnu
Configured with: ./configure --disable-multilib
Thread model: posix
gcc version 9.3.0 (GCC) 
COLLECT_GCC_OPTIONS='-v' '-o' 'CMakeFiles/cmTC_7e8ed.dir/CMakeCCompilerABI.c.o' '-c' '-mtune=generic' '-march=x86-64'
 /usr/local/libexec/gcc/x86_64-pc-linux-gnu/9.3.0/cc1 -quiet -v /home/xiuye/application/cmake-3.17.3-Linux-x86_64/share/cmake-3.17/Modules/CMakeCCompilerABI.c -quiet -dumpbase CMakeCCompilerABI.c -mtune=generic -march=x86-64 -auxbase-strip CMakeFiles/cmTC_7e8ed.dir/CMakeCCompilerABI.c.o -version -o /tmp/ccW3tjpw.s
GNU C17 (GCC) version 9.3.0 (x86_64-pc-linux-gnu)
	compiled by GNU C version 9.3.0, GMP version 6.2.0, MPFR version 4.0.2, MPC version 1.1.0, isl version none
GGC heuristics: --param ggc-min-expand=97 --param ggc-min-heapsize=126841
ignoring duplicate directory "/home/application/mysql8.0.20/include"
ignoring duplicate directory "/home/application/mysql8.0.20/include"
ignoring nonexistent directory "/usr/local/lib/gcc/x86_64-pc-linux-gnu/9.3.0/../../../../x86_64-pc-linux-gnu/include"
#include "..." search starts here:
#include <...> search starts here:
 .
 /home/application/mysql8.0.20/include
 /usr/local/lib/gcc/x86_64-pc-linux-gnu/9.3.0/include
 /usr/local/include
 /usr/local/lib/gcc/x86_64-pc-linux-gnu/9.3.0/include-fixed
 /usr/include
End of search list.
GNU C17 (GCC) version 9.3.0 (x86_64-pc-linux-gnu)
	compiled by GNU C version 9.3.0, GMP version 6.2.0, MPFR version 4.0.2, MPC version 1.1.0, isl version none
GGC heuristics: --param ggc-min-expand=97 --param ggc-min-heapsize=126841
Compiler executable checksum: e2edc9a4f36d327388ee73b6201fea61
COLLECT_GCC_OPTIONS='-v' '-o' 'CMakeFiles/cmTC_7e8ed.dir/CMakeCCompilerABI.c.o' '-c' '-mtune=generic' '-march=x86-64'
 as -v --64 -o CMakeFiles/cmTC_7e8ed.dir/CMakeCCompilerABI.c.o /tmp/ccW3tjpw.s
GNU assembler version 2.27 (x86_64-redhat-linux) using BFD version version 2.27-41.base.el7_7.2
COMPILER_PATH=/usr/local/libexec/gcc/x86_64-pc-linux-gnu/9.3.0/:/usr/local/libexec/gcc/x86_64-pc-linux-gnu/9.3.0/:/usr/local/libexec/gcc/x86_64-pc-linux-gnu/:/usr/local/lib/gcc/x86_64-pc-linux-gnu/9.3.0/:/usr/local/lib/gcc/x86_64-pc-linux-gnu/
LIBRARY_PATH=/usr/local/lib/gcc/x86_64-pc-linux-gnu/9.3.0/:/usr/local/lib/gcc/x86_64-pc-linux-gnu/9.3.0/../../../../lib64/:/lib/../lib64/:/usr/lib/../lib64/:./:/home/application/mysql8.0.20/lib/:/home/application/mysql8.0.20/lib/private/:/home/application/mysql8.0.20/lib/plugin/:/home/application/mysql8.0.20/lib/:/home/application/mysql8.0.20/lib/private/:/home/application/mysql8.0.20/lib/plugin/:/home/application/mysql8.0.20/lib/:/home/application/mysql8.0.20/lib/private/:/home/application/mysql8.0.20/lib/plugin/:/usr/local/lib/gcc/x86_64-pc-linux-gnu/9.3.0/../../../:/lib/:/usr/lib/
COLLECT_GCC_OPTIONS='-v' '-o' 'CMakeFiles/cmTC_7e8ed.dir/CMakeCCompilerABI.c.o' '-c' '-mtune=generic' '-march=x86-64'
Linking C executable cmTC_7e8ed
/home/xiuye/application/cmake-3.17.3-Linux-x86_64/bin/cmake -E cmake_link_script CMakeFiles/cmTC_7e8ed.dir/link.txt --verbose=1
/usr/local/bin/gcc     -v -rdynamic CMakeFiles/cmTC_7e8ed.dir/CMakeCCompilerABI.c.o  -o cmTC_7e8ed 
Using built-in specs.
COLLECT_GCC=/usr/local/bin/gcc
COLLECT_LTO_WRAPPER=/usr/local/libexec/gcc/x86_64-pc-linux-gnu/9.3.0/lto-wrapper
Target: x86_64-pc-linux-gnu
Configured with: ./configure --disable-multilib
Thread model: posix
gcc version 9.3.0 (GCC) 
COMPILER_PATH=/usr/local/libexec/gcc/x86_64-pc-linux-gnu/9.3.0/:/usr/local/libexec/gcc/x86_64-pc-linux-gnu/9.3.0/:/usr/local/libexec/gcc/x86_64-pc-linux-gnu/:/usr/local/lib/gcc/x86_64-pc-linux-gnu/9.3.0/:/usr/local/lib/gcc/x86_64-pc-linux-gnu/
LIBRARY_PATH=/usr/local/lib/gcc/x86_64-pc-linux-gnu/9.3.0/:/usr/local/lib/gcc/x86_64-pc-linux-gnu/9.3.0/../../../../lib64/:/lib/../lib64/:/usr/lib/../lib64/:./:/home/application/mysql8.0.20/lib/:/home/application/mysql8.0.20/lib/private/:/home/application/mysql8.0.20/lib/plugin/:/home/application/mysql8.0.20/lib/:/home/application/mysql8.0.20/lib/private/:/home/application/mysql8.0.20/lib/plugin/:/home/application/mysql8.0.20/lib/:/home/application/mysql8.0.20/lib/private/:/home/application/mysql8.0.20/lib/plugin/:/usr/local/lib/gcc/x86_64-pc-linux-gnu/9.3.0/../../../:/lib/:/usr/lib/
COLLECT_GCC_OPTIONS='-v' '-rdynamic' '-o' 'cmTC_7e8ed' '-mtune=generic' '-march=x86-64'
 /usr/local/libexec/gcc/x86_64-pc-linux-gnu/9.3.0/collect2 -plugin /usr/local/libexec/gcc/x86_64-pc-linux-gnu/9.3.0/liblto_plugin.so -plugin-opt=/usr/local/libexec/gcc/x86_64-pc-linux-gnu/9.3.0/lto-wrapper -plugin-opt=-fresolution=/tmp/ccTQ1nEv.res -plugin-opt=-pass-through=-lgcc -plugin-opt=-pass-through=-lgcc_s -plugin-opt=-pass-through=-lc -plugin-opt=-pass-through=-lgcc -plugin-opt=-pass-through=-lgcc_s --eh-frame-hdr -m elf_x86_64 -export-dynamic -dynamic-linker /lib64/ld-linux-x86-64.so.2 -o cmTC_7e8ed /lib/../lib64/crt1.o /lib/../lib64/crti.o /usr/local/lib/gcc/x86_64-pc-linux-gnu/9.3.0/crtbegin.o -L/usr/local/lib/gcc/x86_64-pc-linux-gnu/9.3.0 -L/usr/local/lib/gcc/x86_64-pc-linux-gnu/9.3.0/../../../../lib64 -L/lib/../lib64 -L/usr/lib/../lib64 -L. -L/home/application/mysql8.0.20/lib -L/home/application/mysql8.0.20/lib/private -L/home/application/mysql8.0.20/lib/plugin -L/home/application/mysql8.0.20/lib -L/home/application/mysql8.0.20/lib/private -L/home/application/mysql8.0.20/lib/plugin -L/home/application/mysql8.0.20/lib -L/home/application/mysql8.0.20/lib/private -L/home/application/mysql8.0.20/lib/plugin -L/usr/local/lib/gcc/x86_64-pc-linux-gnu/9.3.0/../../.. CMakeFiles/cmTC_7e8ed.dir/CMakeCCompilerABI.c.o -lgcc --as-needed -lgcc_s --no-as-needed -lc -lgcc --as-needed -lgcc_s --no-as-needed /usr/local/lib/gcc/x86_64-pc-linux-gnu/9.3.0/crtend.o /lib/../lib64/crtn.o
COLLECT_GCC_OPTIONS='-v' '-rdynamic' '-o' 'cmTC_7e8ed' '-mtune=generic' '-march=x86-64'
gmake[1]: Leaving directory `/home/xiuye/programming/cpp/NtyCo/sample/CMakeFiles/CMakeTmp'



Parsed C implicit include dir info from above output: rv=done
  found start of include info
  found start of implicit include info
    add: [.]
    add: [/home/application/mysql8.0.20/include]
    add: [/usr/local/lib/gcc/x86_64-pc-linux-gnu/9.3.0/include]
    add: [/usr/local/include]
    add: [/usr/local/lib/gcc/x86_64-pc-linux-gnu/9.3.0/include-fixed]
    add: [/usr/include]
  end of search list found
  skipping relative include dir [.]
  collapse include dir [/home/application/mysql8.0.20/include] ==> [/home/application/mysql8.0.20/include]
  collapse include dir [/usr/local/lib/gcc/x86_64-pc-linux-gnu/9.3.0/include] ==> [/usr/local/lib/gcc/x86_64-pc-linux-gnu/9.3.0/include]
  collapse include dir [/usr/local/include] ==> [/usr/local/include]
  collapse include dir [/usr/local/lib/gcc/x86_64-pc-linux-gnu/9.3.0/include-fixed] ==> [/usr/local/lib/gcc/x86_64-pc-linux-gnu/9.3.0/include-fixed]
  collapse include dir [/usr/include] ==> [/usr/include]
  implicit include dirs: [/home/application/mysql8.0.20/include;/usr/local/lib/gcc/x86_64-pc-linux-gnu/9.3.0/include;/usr/local/include;/usr/local/lib/gcc/x86_64-pc-linux-gnu/9.3.0/include-fixed;/usr/include]


Parsed C implicit link information from above output:
  link line regex: [^( *|.*[/\])(ld|CMAKE_LINK_STARTFILE-NOTFOUND|([^/\]+-)?ld|collect2)[^/\]*( |$)]
  ignore line: [Change Dir: /home/xiuye/programming/cpp/NtyCo/sample/CMakeFiles/CMakeTmp]
  ignore line: []
  ignore line: [Run Build Command(s):/usr/bin/gmake cmTC_7e8ed/fast && /usr/bin/gmake  -f CMakeFiles/cmTC_7e8ed.dir/build.make CMakeFiles/cmTC_7e8ed.dir/build]
  ignore line: [gmake[1]: Entering directory `/home/xiuye/programming/cpp/NtyCo/sample/CMakeFiles/CMakeTmp']
  ignore line: [Building C object CMakeFiles/cmTC_7e8ed.dir/CMakeCCompilerABI.c.o]
  ignore line: [/usr/local/bin/gcc   -v -o CMakeFiles/cmTC_7e8ed.dir/CMakeCCompilerABI.c.o   -c /home/xiuye/application/cmake-3.17.3-Linux-x86_64/share/cmake-3.17/Modules/CMakeCCompilerABI.c]
  ignore line: [Using built-in specs.]
  ignore line: [COLLECT_GCC=/usr/local/bin/gcc]
  ignore line: [Target: x86_64-pc-linux-gnu]
  ignore line: [Configured with: ./configure --disable-multilib]
  ignore line: [Thread model: posix]
  ignore line: [gcc version 9.3.0 (GCC) ]
  ignore line: [COLLECT_GCC_OPTIONS='-v' '-o' 'CMakeFiles/cmTC_7e8ed.dir/CMakeCCompilerABI.c.o' '-c' '-mtune=generic' '-march=x86-64']
  ignore line: [ /usr/local/libexec/gcc/x86_64-pc-linux-gnu/9.3.0/cc1 -quiet -v /home/xiuye/application/cmake-3.17.3-Linux-x86_64/share/cmake-3.17/Modules/CMakeCCompilerABI.c -quiet -dumpbase CMakeCCompilerABI.c -mtune=generic -march=x86-64 -auxbase-strip CMakeFiles/cmTC_7e8ed.dir/CMakeCCompilerABI.c.o -version -o /tmp/ccW3tjpw.s]
  ignore line: [GNU C17 (GCC) version 9.3.0 (x86_64-pc-linux-gnu)]
  ignore line: [	compiled by GNU C version 9.3.0  GMP version 6.2.0  MPFR version 4.0.2  MPC version 1.1.0  isl version none]
  ignore line: [GGC heuristics: --param ggc-min-expand=97 --param ggc-min-heapsize=126841]
  ignore line: [ignoring duplicate directory "/home/application/mysql8.0.20/include"]
  ignore line: [ignoring duplicate directory "/home/application/mysql8.0.20/include"]
  ignore line: [ignoring nonexistent directory "/usr/local/lib/gcc/x86_64-pc-linux-gnu/9.3.0/../../../../x86_64-pc-linux-gnu/include"]
  ignore line: [#include "..." search starts here:]
  ignore line: [#include <...> search starts here:]
  ignore line: [ .]
  ignore line: [ /home/application/mysql8.0.20/include]
  ignore line: [ /usr/local/lib/gcc/x86_64-pc-linux-gnu/9.3.0/include]
  ignore line: [ /usr/local/include]
  ignore line: [ /usr/local/lib/gcc/x86_64-pc-linux-gnu/9.3.0/include-fixed]
  ignore line: [ /usr/include]
  ignore line: [End of search list.]
  ignore line: [GNU C17 (GCC) version 9.3.0 (x86_64-pc-linux-gnu)]
  ignore line: [	compiled by GNU C version 9.3.0  GMP version 6.2.0  MPFR version 4.0.2  MPC version 1.1.0  isl version none]
  ignore line: [GGC heuristics: --param ggc-min-expand=97 --param ggc-min-heapsize=126841]
  ignore line: [Compiler executable checksum: e2edc9a4f36d327388ee73b6201fea61]
  ignore line: [COLLECT_GCC_OPTIONS='-v' '-o' 'CMakeFiles/cmTC_7e8ed.dir/CMakeCCompilerABI.c.o' '-c' '-mtune=generic' '-march=x86-64']
  ignore line: [ as -v --64 -o CMakeFiles/cmTC_7e8ed.dir/CMakeCCompilerABI.c.o /tmp/ccW3tjpw.s]
  ignore line: [GNU assembler version 2.27 (x86_64-redhat-linux) using BFD version version 2.27-41.base.el7_7.2]
  ignore line: [COMPILER_PATH=/usr/local/libexec/gcc/x86_64-pc-linux-gnu/9.3.0/:/usr/local/libexec/gcc/x86_64-pc-linux-gnu/9.3.0/:/usr/local/libexec/gcc/x86_64-pc-linux-gnu/:/usr/local/lib/gcc/x86_64-pc-linux-gnu/9.3.0/:/usr/local/lib/gcc/x86_64-pc-linux-gnu/]
  ignore line: [LIBRARY_PATH=/usr/local/lib/gcc/x86_64-pc-linux-gnu/9.3.0/:/usr/local/lib/gcc/x86_64-pc-linux-gnu/9.3.0/../../../../lib64/:/lib/../lib64/:/usr/lib/../lib64/:./:/home/application/mysql8.0.20/lib/:/home/application/mysql8.0.20/lib/private/:/home/application/mysql8.0.20/lib/plugin/:/home/application/mysql8.0.20/lib/:/home/application/mysql8.0.20/lib/private/:/home/application/mysql8.0.20/lib/plugin/:/home/application/mysql8.0.20/lib/:/home/application/mysql8.0.20/lib/private/:/home/application/mysql8.0.20/lib/plugin/:/usr/local/lib/gcc/x86_64-pc-linux-gnu/9.3.0/../../../:/lib/:/usr/lib/]
  ignore line: [COLLECT_GCC_OPTIONS='-v' '-o' 'CMakeFiles/cmTC_7e8ed.dir/CMakeCCompilerABI.c.o' '-c' '-mtune=generic' '-march=x86-64']
  ignore line: [Linking C executable cmTC_7e8ed]
  ignore line: [/home/xiuye/application/cmake-3.17.3-Linux-x86_64/bin/cmake -E cmake_link_script CMakeFiles/cmTC_7e8ed.dir/link.txt --verbose=1]
  ignore line: [/usr/local/bin/gcc     -v -rdynamic CMakeFiles/cmTC_7e8ed.dir/CMakeCCompilerABI.c.o  -o cmTC_7e8ed ]
  ignore line: [Using built-in specs.]
  ignore line: [COLLECT_GCC=/usr/local/bin/gcc]
  ignore line: [COLLECT_LTO_WRAPPER=/usr/local/libexec/gcc/x86_64-pc-linux-gnu/9.3.0/lto-wrapper]
  ignore line: [Target: x86_64-pc-linux-gnu]
  ignore line: [Configured with: ./configure --disable-multilib]
  ignore line: [Thread model: posix]
  ignore line: [gcc version 9.3.0 (GCC) ]
  ignore line: [COMPILER_PATH=/usr/local/libexec/gcc/x86_64-pc-linux-gnu/9.3.0/:/usr/local/libexec/gcc/x86_64-pc-linux-gnu/9.3.0/:/usr/local/libexec/gcc/x86_64-pc-linux-gnu/:/usr/local/lib/gcc/x86_64-pc-linux-gnu/9.3.0/:/usr/local/lib/gcc/x86_64-pc-linux-gnu/]
  ignore line: [LIBRARY_PATH=/usr/local/lib/gcc/x86_64-pc-linux-gnu/9.3.0/:/usr/local/lib/gcc/x86_64-pc-linux-gnu/9.3.0/../../../../lib64/:/lib/../lib64/:/usr/lib/../lib64/:./:/home/application/mysql8.0.20/lib/:/home/application/mysql8.0.20/lib/private/:/home/application/mysql8.0.20/lib/plugin/:/home/application/mysql8.0.20/lib/:/home/application/mysql8.0.20/lib/private/:/home/application/mysql8.0.20/lib/plugin/:/home/application/mysql8.0.20/lib/:/home/application/mysql8.0.20/lib/private/:/home/application/mysql8.0.20/lib/plugin/:/usr/local/lib/gcc/x86_64-pc-linux-gnu/9.3.0/../../../:/lib/:/usr/lib/]
  ignore line: [COLLECT_GCC_OPTIONS='-v' '-rdynamic' '-o' 'cmTC_7e8ed' '-mtune=generic' '-march=x86-64']
  link line: [ /usr/local/libexec/gcc/x86_64-pc-linux-gnu/9.3.0/collect2 -plugin /usr/local/libexec/gcc/x86_64-pc-linux-gnu/9.3.0/liblto_plugin.so -plugin-opt=/usr/local/libexec/gcc/x86_64-pc-linux-gnu/9.3.0/lto-wrapper -plugin-opt=-fresolution=/tmp/ccTQ1nEv.res -plugin-opt=-pass-through=-lgcc -plugin-opt=-pass-through=-lgcc_s -plugin-opt=-pass-through=-lc -plugin-opt=-pass-through=-lgcc -plugin-opt=-pass-through=-lgcc_s --eh-frame-hdr -m elf_x86_64 -export-dynamic -dynamic-linker /lib64/ld-linux-x86-64.so.2 -o cmTC_7e8ed /lib/../lib64/crt1.o /lib/../lib64/crti.o /usr/local/lib/gcc/x86_64-pc-linux-gnu/9.3.0/crtbegin.o -L/usr/local/lib/gcc/x86_64-pc-linux-gnu/9.3.0 -L/usr/local/lib/gcc/x86_64-pc-linux-gnu/9.3.0/../../../../lib64 -L/lib/../lib64 -L/usr/lib/../lib64 -L. -L/home/application/mysql8.0.20/lib -L/home/application/mysql8.0.20/lib/private -L/home/application/mysql8.0.20/lib/plugin -L/home/application/mysql8.0.20/lib -L/home/application/mysql8.0.20/lib/private -L/home/application/mysql8.0.20/lib/plugin -L/home/application/mysql8.0.20/lib -L/home/application/mysql8.0.20/lib/private -L/home/application/mysql8.0.20/lib/plugin -L/usr/local/lib/gcc/x86_64-pc-linux-gnu/9.3.0/../../.. CMakeFiles/cmTC_7e8ed.dir/CMakeCCompilerABI.c.o -lgcc --as-needed -lgcc_s --no-as-needed -lc -lgcc --as-needed -lgcc_s --no-as-needed /usr/local/lib/gcc/x86_64-pc-linux-gnu/9.3.0/crtend.o /lib/../lib64/crtn.o]
    arg [/usr/local/libexec/gcc/x86_64-pc-linux-gnu/9.3.0/collect2] ==> ignore
    arg [-plugin] ==> ignore
    arg [/usr/local/libexec/gcc/x86_64-pc-linux-gnu/9.3.0/liblto_plugin.so] ==> ignore
    arg [-plugin-opt=/usr/local/libexec/gcc/x86_64-pc-linux-gnu/9.3.0/lto-wrapper] ==> ignore
    arg [-plugin-opt=-fresolution=/tmp/ccTQ1nEv.res] ==> ignore
    arg [-plugin-opt=-pass-through=-lgcc] ==> ignore
    arg [-plugin-opt=-pass-through=-lgcc_s] ==> ignore
    arg [-plugin-opt=-pass-through=-lc] ==> ignore
    arg [-plugin-opt=-pass-through=-lgcc] ==> ignore
    arg [-plugin-opt=-pass-through=-lgcc_s] ==> ignore
    arg [--eh-frame-hdr] ==> ignore
    arg [-m] ==> ignore
    arg [elf_x86_64] ==> ignore
    arg [-export-dynamic] ==> ignore
    arg [-dynamic-linker] ==> ignore
    arg [/lib64/ld-linux-x86-64.so.2] ==> ignore
    arg [-o] ==> ignore
    arg [cmTC_7e8ed] ==> ignore
    arg [/lib/../lib64/crt1.o] ==> ignore
    arg [/lib/../lib64/crti.o] ==> ignore
    arg [/usr/local/lib/gcc/x86_64-pc-linux-gnu/9.3.0/crtbegin.o] ==> ignore
    arg [-L/usr/local/lib/gcc/x86_64-pc-linux-gnu/9.3.0] ==> dir [/usr/local/lib/gcc/x86_64-pc-linux-gnu/9.3.0]
    arg [-L/usr/local/lib/gcc/x86_64-pc-linux-gnu/9.3.0/../../../../lib64] ==> dir [/usr/local/lib/gcc/x86_64-pc-linux-gnu/9.3.0/../../../../lib64]
    arg [-L/lib/../lib64] ==> dir [/lib/../lib64]
    arg [-L/usr/lib/../lib64] ==> dir [/usr/lib/../lib64]
    arg [-L.] ==> ignore
    arg [-L/home/application/mysql8.0.20/lib] ==> dir [/home/application/mysql8.0.20/lib]
    arg [-L/home/application/mysql8.0.20/lib/private] ==> dir [/home/application/mysql8.0.20/lib/private]
    arg [-L/home/application/mysql8.0.20/lib/plugin] ==> dir [/home/application/mysql8.0.20/lib/plugin]
    arg [-L/home/application/mysql8.0.20/lib] ==> dir [/home/application/mysql8.0.20/lib]
    arg [-L/home/application/mysql8.0.20/lib/private] ==> dir [/home/application/mysql8.0.20/lib/private]
    arg [-L/home/application/mysql8.0.20/lib/plugin] ==> dir [/home/application/mysql8.0.20/lib/plugin]
    arg [-L/home/application/mysql8.0.20/lib] ==> dir [/home/application/mysql8.0.20/lib]
    arg [-L/home/application/mysql8.0.20/lib/private] ==> dir [/home/application/mysql8.0.20/lib/private]
    arg [-L/home/application/mysql8.0.20/lib/plugin] ==> dir [/home/application/mysql8.0.20/lib/plugin]
    arg [-L/usr/local/lib/gcc/x86_64-pc-linux-gnu/9.3.0/../../..] ==> dir [/usr/local/lib/gcc/x86_64-pc-linux-gnu/9.3.0/../../..]
    arg [CMakeFiles/cmTC_7e8ed.dir/CMakeCCompilerABI.c.o] ==> ignore
    arg [-lgcc] ==> lib [gcc]
    arg [--as-needed] ==> ignore
    arg [-lgcc_s] ==> lib [gcc_s]
    arg [--no-as-needed] ==> ignore
    arg [-lc] ==> lib [c]
    arg [-lgcc] ==> lib [gcc]
    arg [--as-needed] ==> ignore
    arg [-lgcc_s] ==> lib [gcc_s]
    arg [--no-as-needed] ==> ignore
    arg [/usr/local/lib/gcc/x86_64-pc-linux-gnu/9.3.0/crtend.o] ==> ignore
    arg [/lib/../lib64/crtn.o] ==> ignore
  collapse library dir [/usr/local/lib/gcc/x86_64-pc-linux-gnu/9.3.0] ==> [/usr/local/lib/gcc/x86_64-pc-linux-gnu/9.3.0]
  collapse library dir [/usr/local/lib/gcc/x86_64-pc-linux-gnu/9.3.0/../../../../lib64] ==> [/usr/local/lib64]
  collapse library dir [/lib/../lib64] ==> [/lib64]
  collapse library dir [/usr/lib/../lib64] ==> [/usr/lib64]
  collapse library dir [/home/application/mysql8.0.20/lib] ==> [/home/application/mysql8.0.20/lib]
  collapse library dir [/home/application/mysql8.0.20/lib/private] ==> [/home/application/mysql8.0.20/lib/private]
  collapse library dir [/home/application/mysql8.0.20/lib/plugin] ==> [/home/application/mysql8.0.20/lib/plugin]
  collapse library dir [/home/application/mysql8.0.20/lib] ==> [/home/application/mysql8.0.20/lib]
  collapse library dir [/home/application/mysql8.0.20/lib/private] ==> [/home/application/mysql8.0.20/lib/private]
  collapse library dir [/home/application/mysql8.0.20/lib/plugin] ==> [/home/application/mysql8.0.20/lib/plugin]
  collapse library dir [/home/application/mysql8.0.20/lib] ==> [/home/application/mysql8.0.20/lib]
  collapse library dir [/home/application/mysql8.0.20/lib/private] ==> [/home/application/mysql8.0.20/lib/private]
  collapse library dir [/home/application/mysql8.0.20/lib/plugin] ==> [/home/application/mysql8.0.20/lib/plugin]
  collapse library dir [/usr/local/lib/gcc/x86_64-pc-linux-gnu/9.3.0/../../..] ==> [/usr/local/lib]
  implicit libs: [gcc;gcc_s;c;gcc;gcc_s]
  implicit dirs: [/usr/local/lib/gcc/x86_64-pc-linux-gnu/9.3.0;/usr/local/lib64;/lib64;/usr/lib64;/home/application/mysql8.0.20/lib;/home/application/mysql8.0.20/lib/private;/home/application/mysql8.0.20/lib/plugin;/usr/local/lib]
  implicit fwks: []


Determining if the CXX compiler works passed with the following output:
Change Dir: /home/xiuye/programming/cpp/NtyCo/sample/CMakeFiles/CMakeTmp

Run Build Command(s):/usr/bin/gmake cmTC_01a58/fast && /usr/bin/gmake  -f CMakeFiles/cmTC_01a58.dir/build.make CMakeFiles/cmTC_01a58.dir/build
gmake[1]: 进入目录“/home/xiuye/programming/cpp/NtyCo/sample/CMakeFiles/CMakeTmp”
Building CXX object CMakeFiles/cmTC_01a58.dir/testCXXCompiler.cxx.o
/usr/local/bin/c++     -o CMakeFiles/cmTC_01a58.dir/testCXXCompiler.cxx.o -c /home/xiuye/programming/cpp/NtyCo/sample/CMakeFiles/CMakeTmp/testCXXCompiler.cxx
Linking CXX executable cmTC_01a58
/home/xiuye/application/cmake-3.17.3-Linux-x86_64/bin/cmake -E cmake_link_script CMakeFiles/cmTC_01a58.dir/link.txt --verbose=1
/usr/local/bin/c++       -rdynamic CMakeFiles/cmTC_01a58.dir/testCXXCompiler.cxx.o  -o cmTC_01a58 
gmake[1]: 离开目录“/home/xiuye/programming/cpp/NtyCo/sample/CMakeFiles/CMakeTmp”



Detecting CXX compiler ABI info compiled with the following output:
Change Dir: /home/xiuye/programming/cpp/NtyCo/sample/CMakeFiles/CMakeTmp

Run Build Command(s):/usr/bin/gmake cmTC_1b913/fast && /usr/bin/gmake  -f CMakeFiles/cmTC_1b913.dir/build.make CMakeFiles/cmTC_1b913.dir/build
gmake[1]: Entering directory `/home/xiuye/programming/cpp/NtyCo/sample/CMakeFiles/CMakeTmp'
Building CXX object CMakeFiles/cmTC_1b913.dir/CMakeCXXCompilerABI.cpp.o
/usr/local/bin/c++    -v -o CMakeFiles/cmTC_1b913.dir/CMakeCXXCompilerABI.cpp.o -c /home/xiuye/application/cmake-3.17.3-Linux-x86_64/share/cmake-3.17/Modules/CMakeCXXCompilerABI.cpp
Using built-in specs.
COLLECT_GCC=/usr/local/bin/c++
Target: x86_64-pc-linux-gnu
Configured with: ./configure --disable-multilib
Thread model: posix
gcc version 9.3.0 (GCC) 
COLLECT_GCC_OPTIONS='-v' '-o' 'CMakeFiles/cmTC_1b913.dir/CMakeCXXCompilerABI.cpp.o' '-c' '-shared-libgcc' '-mtune=generic' '-march=x86-64'
 /usr/local/libexec/gcc/x86_64-pc-linux-gnu/9.3.0/cc1plus -quiet -v -D_GNU_SOURCE /home/xiuye/application/cmake-3.17.3-Linux-x86_64/share/cmake-3.17/Modules/CMakeCXXCompilerABI.cpp -quiet -dumpbase CMakeCXXCompilerABI.cpp -mtune=generic -march=x86-64 -auxbase-strip CMakeFiles/cmTC_1b913.dir/CMakeCXXCompilerABI.cpp.o -version -o /tmp/ccGtWPIJ.s
GNU C++14 (GCC) version 9.3.0 (x86_64-pc-linux-gnu)
	compiled by GNU C version 9.3.0, GMP version 6.2.0, MPFR version 4.0.2, MPC version 1.1.0, isl version none
GGC heuristics: --param ggc-min-expand=97 --param ggc-min-heapsize=126841
ignoring duplicate directory "/home/application/mysql8.0.20/include"
ignoring duplicate directory "/home/application/mysql8.0.20/include"
ignoring nonexistent directory "/usr/local/lib/gcc/x86_64-pc-linux-gnu/9.3.0/../../../../x86_64-pc-linux-gnu/include"
#include "..." search starts here:
#include <...> search starts here:
 .
 /home/application/mysql8.0.20/include
 /usr/local/lib/gcc/x86_64-pc-linux-gnu/9.3.0/../../../../include/c++/9.3.0
 /usr/local/lib/gcc/x86_64-pc-linux-gnu/9.3.0/../../../../include/c++/9.3.0/x86_64-pc-linux-gnu
 /usr/local/lib/gcc/x86_64-pc-linux-gnu/9.3.0/../../../../include/c++/9.3.0/backward
 /usr/local/lib/gcc/x86_64-pc-linux-gnu/9.3.0/include
 /usr/local/include
 /usr/local/lib/gcc/x86_64-pc-linux-gnu/9.3.0/include-fixed
 /usr/include
End of search list.
GNU C++14 (GCC) version 9.3.0 (x86_64-pc-linux-gnu)
	compiled by GNU C version 9.3.0, GMP version 6.2.0, MPFR version 4.0.2, MPC version 1.1.0, isl version none
GGC heuristics: --param ggc-min-expand=97 --param ggc-min-heapsize=126841
Compiler executable checksum: 3366f31f065016eddf1734f7afdaa1ea
COLLECT_GCC_OPTIONS='-v' '-o' 'CMakeFiles/cmTC_1b913.dir/CMakeCXXCompilerABI.cpp.o' '-c' '-shared-libgcc' '-mtune=generic' '-march=x86-64'
 as -v --64 -o CMakeFiles/cmTC_1b913.dir/CMakeCXXCompilerABI.cpp.o /tmp/ccGtWPIJ.s
GNU assembler version 2.27 (x86_64-redhat-linux) using BFD version version 2.27-41.base.el7_7.2
COMPILER_PATH=/usr/local/libexec/gcc/x86_64-pc-linux-gnu/9.3.0/:/usr/local/libexec/gcc/x86_64-pc-linux-gnu/9.3.0/:/usr/local/libexec/gcc/x86_64-pc-linux-gnu/:/usr/local/lib/gcc/x86_64-pc-linux-gnu/9.3.0/:/usr/local/lib/gcc/x86_64-pc-linux-gnu/
LIBRARY_PATH=/usr/local/lib/gcc/x86_64-pc-linux-gnu/9.3.0/:/usr/local/lib/gcc/x86_64-pc-linux-gnu/9.3.0/../../../../lib64/:/lib/../lib64/:/usr/lib/../lib64/:./:/home/application/mysql8.0.20/lib/:/home/application/mysql8.0.20/lib/private/:/home/application/mysql8.0.20/lib/plugin/:/home/application/mysql8.0.20/lib/:/home/application/mysql8.0.20/lib/private/:/home/application/mysql8.0.20/lib/plugin/:/home/application/mysql8.0.20/lib/:/home/application/mysql8.0.20/lib/private/:/home/application/mysql8.0.20/lib/plugin/:/usr/local/lib/gcc/x86_64-pc-linux-gnu/9.3.0/../../../:/lib/:/usr/lib/
COLLECT_GCC_OPTIONS='-v' '-o' 'CMakeFiles/cmTC_1b913.dir/CMakeCXXCompilerABI.cpp.o' '-c' '-shared-libgcc' '-mtune=generic' '-march=x86-64'
Linking CXX executable cmTC_1b913
/home/xiuye/application/cmake-3.17.3-Linux-x86_64/bin/cmake -E cmake_link_script CMakeFiles/cmTC_1b913.dir/link.txt --verbose=1
/usr/local/bin/c++      -v -rdynamic CMakeFiles/cmTC_1b913.dir/CMakeCXXCompilerABI.cpp.o  -o cmTC_1b913 
Using built-in specs.
COLLECT_GCC=/usr/local/bin/c++
COLLECT_LTO_WRAPPER=/usr/local/libexec/gcc/x86_64-pc-linux-gnu/9.3.0/lto-wrapper
Target: x86_64-pc-linux-gnu
Configured with: ./configure --disable-multilib
Thread model: posix
gcc version 9.3.0 (GCC) 
COMPILER_PATH=/usr/local/libexec/gcc/x86_64-pc-linux-gnu/9.3.0/:/usr/local/libexec/gcc/x86_64-pc-linux-gnu/9.3.0/:/usr/local/libexec/gcc/x86_64-pc-linux-gnu/:/usr/local/lib/gcc/x86_64-pc-linux-gnu/9.3.0/:/usr/local/lib/gcc/x86_64-pc-linux-gnu/
LIBRARY_PATH=/usr/local/lib/gcc/x86_64-pc-linux-gnu/9.3.0/:/usr/local/lib/gcc/x86_64-pc-linux-gnu/9.3.0/../../../../lib64/:/lib/../lib64/:/usr/lib/../lib64/:./:/home/application/mysql8.0.20/lib/:/home/application/mysql8.0.20/lib/private/:/home/application/mysql8.0.20/lib/plugin/:/home/application/mysql8.0.20/lib/:/home/application/mysql8.0.20/lib/private/:/home/application/mysql8.0.20/lib/plugin/:/home/application/mysql8.0.20/lib/:/home/application/mysql8.0.20/lib/private/:/home/application/mysql8.0.20/lib/plugin/:/usr/local/lib/gcc/x86_64-pc-linux-gnu/9.3.0/../../../:/lib/:/usr/lib/
COLLECT_GCC_OPTIONS='-v' '-rdynamic' '-o' 'cmTC_1b913' '-shared-libgcc' '-mtune=generic' '-march=x86-64'
 /usr/local/libexec/gcc/x86_64-pc-linux-gnu/9.3.0/collect2 -plugin /usr/local/libexec/gcc/x86_64-pc-linux-gnu/9.3.0/liblto_plugin.so -plugin-opt=/usr/local/libexec/gcc/x86_64-pc-linux-gnu/9.3.0/lto-wrapper -plugin-opt=-fresolution=/tmp/ccbMm8qM.res -plugin-opt=-pass-through=-lgcc_s -plugin-opt=-pass-through=-lgcc -plugin-opt=-pass-through=-lc -plugin-opt=-pass-through=-lgcc_s -plugin-opt=-pass-through=-lgcc --eh-frame-hdr -m elf_x86_64 -export-dynamic -dynamic-linker /lib64/ld-linux-x86-64.so.2 -o cmTC_1b913 /lib/../lib64/crt1.o /lib/../lib64/crti.o /usr/local/lib/gcc/x86_64-pc-linux-gnu/9.3.0/crtbegin.o -L/usr/local/lib/gcc/x86_64-pc-linux-gnu/9.3.0 -L/usr/local/lib/gcc/x86_64-pc-linux-gnu/9.3.0/../../../../lib64 -L/lib/../lib64 -L/usr/lib/../lib64 -L. -L/home/application/mysql8.0.20/lib -L/home/application/mysql8.0.20/lib/private -L/home/application/mysql8.0.20/lib/plugin -L/home/application/mysql8.0.20/lib -L/home/application/mysql8.0.20/lib/private -L/home/application/mysql8.0.20/lib/plugin -L/home/application/mysql8.0.20/lib -L/home/application/mysql8.0.20/lib/private -L/home/application/mysql8.0.20/lib/plugin -L/usr/local/lib/gcc/x86_64-pc-linux-gnu/9.3.0/../../.. CMakeFiles/cmTC_1b913.dir/CMakeCXXCompilerABI.cpp.o -lstdc++ -lm -lgcc_s -lgcc -lc -lgcc_s -lgcc /usr/local/lib/gcc/x86_64-pc-linux-gnu/9.3.0/crtend.o /lib/../lib64/crtn.o
COLLECT_GCC_OPTIONS='-v' '-rdynamic' '-o' 'cmTC_1b913' '-shared-libgcc' '-mtune=generic' '-march=x86-64'
gmake[1]: Leaving directory `/home/xiuye/programming/cpp/NtyCo/sample/CMakeFiles/CMakeTmp'



Parsed CXX implicit include dir info from above output: rv=done
  found start of include info
  found start of implicit include info
    add: [.]
    add: [/home/application/mysql8.0.20/include]
    add: [/usr/local/lib/gcc/x86_64-pc-linux-gnu/9.3.0/../../../../include/c++/9.3.0]
    add: [/usr/local/lib/gcc/x86_64-pc-linux-gnu/9.3.0/../../../../include/c++/9.3.0/x86_64-pc-linux-gnu]
    add: [/usr/local/lib/gcc/x86_64-pc-linux-gnu/9.3.0/../../../../include/c++/9.3.0/backward]
    add: [/usr/local/lib/gcc/x86_64-pc-linux-gnu/9.3.0/include]
    add: [/usr/local/include]
    add: [/usr/local/lib/gcc/x86_64-pc-linux-gnu/9.3.0/include-fixed]
    add: [/usr/include]
  end of search list found
  skipping relative include dir [.]
  collapse include dir [/home/application/mysql8.0.20/include] ==> [/home/application/mysql8.0.20/include]
  collapse include dir [/usr/local/lib/gcc/x86_64-pc-linux-gnu/9.3.0/../../../../include/c++/9.3.0] ==> [/usr/local/include/c++/9.3.0]
  collapse include dir [/usr/local/lib/gcc/x86_64-pc-linux-gnu/9.3.0/../../../../include/c++/9.3.0/x86_64-pc-linux-gnu] ==> [/usr/local/include/c++/9.3.0/x86_64-pc-linux-gnu]
  collapse include dir [/usr/local/lib/gcc/x86_64-pc-linux-gnu/9.3.0/../../../../include/c++/9.3.0/backward] ==> [/usr/local/include/c++/9.3.0/backward]
  collapse include dir [/usr/local/lib/gcc/x86_64-pc-linux-gnu/9.3.0/include] ==> [/usr/local/lib/gcc/x86_64-pc-linux-gnu/9.3.0/include]
  collapse include dir [/usr/local/include] ==> [/usr/local/include]
  collapse include dir [/usr/local/lib/gcc/x86_64-pc-linux-gnu/9.3.0/include-fixed] ==> [/usr/local/lib/gcc/x86_64-pc-linux-gnu/9.3.0/include-fixed]
  collapse include dir [/usr/include] ==> [/usr/include]
  implicit include dirs: [/home/application/mysql8.0.20/include;/usr/local/include/c++/9.3.0;/usr/local/include/c++/9.3.0/x86_64-pc-linux-gnu;/usr/local/include/c++/9.3.0/backward;/usr/local/lib/gcc/x86_64-pc-linux-gnu/9.3.0/include;/usr/local/include;/usr/local/lib/gcc/x86_64-pc-linux-gnu/9.3.0/include-fixed;/usr/include]


Parsed CXX implicit link information from above output:
  link line regex: [^( *|.*[/\])(ld|CMAKE_LINK_STARTFILE-NOTFOUND|([^/\]+-)?ld|collect2)[^/\]*( |$)]
  ignore line: [Change Dir: /home/xiuye/programming/cpp/NtyCo/sample/CMakeFiles/CMakeTmp]
  ignore line: []
  ignore line: [Run Build Command(s):/usr/bin/gmake cmTC_1b913/fast && /usr/bin/gmake  -f CMakeFiles/cmTC_1b913.dir/build.make CMakeFiles/cmTC_1b913.dir/build]
  ignore line: [gmake[1]: Entering directory `/home/xiuye/programming/cpp/NtyCo/sample/CMakeFiles/CMakeTmp']
  ignore line: [Building CXX object CMakeFiles/cmTC_1b913.dir/CMakeCXXCompilerABI.cpp.o]
  ignore line: [/usr/local/bin/c++    -v -o CMakeFiles/cmTC_1b913.dir/CMakeCXXCompilerABI.cpp.o -c /home/xiuye/application/cmake-3.17.3-Linux-x86_64/share/cmake-3.17/Modules/CMakeCXXCompilerABI.cpp]
  ignore line: [Using built-in specs.]
  ignore line: [COLLECT_GCC=/usr/local/bin/c++]
  ignore line: [Target: x86_64-pc-linux-gnu]
  ignore line: [Configured with: ./configure --disable-multilib]
  ignore line: [Thread model: posix]
  ignore line: [gcc version 9.3.0 (GCC) ]
  ignore line: [COLLECT_GCC_OPTIONS='-v' '-o' 'CMakeFiles/cmTC_1b913.dir/CMakeCXXCompilerABI.cpp.o' '-c' '-shared-libgcc' '-mtune=generic' '-march=x86-64']
  ignore line: [ /usr/local/libexec/gcc/x86_64-pc-linux-gnu/9.3.0/cc1plus -quiet -v -D_GNU_SOURCE /home/xiuye/application/cmake-3.17.3-Linux-x86_64/share/cmake-3.17/Modules/CMakeCXXCompilerABI.cpp -quiet -dumpbase CMakeCXXCompilerABI.cpp -mtune=generic -march=x86-64 -auxbase-strip CMakeFiles/cmTC_1b913.dir/CMakeCXXCompilerABI.cpp.o -version -o /tmp/ccGtWPIJ.s]
  ignore line: [GNU C++14 (GCC) version 9.3.0 (x86_64-pc-linux-gnu)]
  ignore line: [	compiled by GNU C version 9.3.0  GMP version 6.2.0  MPFR version 4.0.2  MPC version 1.1.0  isl version none]
  ignore line: [GGC heuristics: --param ggc-min-expand=97 --param ggc-min-heapsize=126841]
  ignore line: [ignoring duplicate directory "/home/application/mysql8.0.20/include"]
  ignore line: [ignoring duplicate directory "/home/application/mysql8.0.20/include"]
  ignore line: [ignoring nonexistent directory "/usr/local/lib/gcc/x86_64-pc-linux-gnu/9.3.0/../../../../x86_64-pc-linux-gnu/include"]
  ignore line: [#include "..." search starts here:]
  ignore line: [#include <...> search starts here:]
  ignore line: [ .]
  ignore line: [ /home/application/mysql8.0.20/include]
  ignore line: [ /usr/local/lib/gcc/x86_64-pc-linux-gnu/9.3.0/../../../../include/c++/9.3.0]
  ignore line: [ /usr/local/lib/gcc/x86_64-pc-linux-gnu/9.3.0/../../../../include/c++/9.3.0/x86_64-pc-linux-gnu]
  ignore line: [ /usr/local/lib/gcc/x86_64-pc-linux-gnu/9.3.0/../../../../include/c++/9.3.0/backward]
  ignore line: [ /usr/local/lib/gcc/x86_64-pc-linux-gnu/9.3.0/include]
  ignore line: [ /usr/local/include]
  ignore line: [ /usr/local/lib/gcc/x86_64-pc-linux-gnu/9.3.0/include-fixed]
  ignore line: [ /usr/include]
  ignore line: [End of search list.]
  ignore line: [GNU C++14 (GCC) version 9.3.0 (x86_64-pc-linux-gnu)]
  ignore line: [	compiled by GNU C version 9.3.0  GMP version 6.2.0  MPFR version 4.0.2  MPC version 1.1.0  isl version none]
  ignore line: [GGC heuristics: --param ggc-min-expand=97 --param ggc-min-heapsize=126841]
  ignore line: [Compiler executable checksum: 3366f31f065016eddf1734f7afdaa1ea]
  ignore line: [COLLECT_GCC_OPTIONS='-v' '-o' 'CMakeFiles/cmTC_1b913.dir/CMakeCXXCompilerABI.cpp.o' '-c' '-shared-libgcc' '-mtune=generic' '-march=x86-64']
  ignore line: [ as -v --64 -o CMakeFiles/cmTC_1b913.dir/CMakeCXXCompilerABI.cpp.o /tmp/ccGtWPIJ.s]
  ignore line: [GNU assembler version 2.27 (x86_64-redhat-linux) using BFD version version 2.27-41.base.el7_7.2]
  ignore line: [COMPILER_PATH=/usr/local/libexec/gcc/x86_64-pc-linux-gnu/9.3.0/:/usr/local/libexec/gcc/x86_64-pc-linux-gnu/9.3.0/:/usr/local/libexec/gcc/x86_64-pc-linux-gnu/:/usr/local/lib/gcc/x86_64-pc-linux-gnu/9.3.0/:/usr/local/lib/gcc/x86_64-pc-linux-gnu/]
  ignore line: [LIBRARY_PATH=/usr/local/lib/gcc/x86_64-pc-linux-gnu/9.3.0/:/usr/local/lib/gcc/x86_64-pc-linux-gnu/9.3.0/../../../../lib64/:/lib/../lib64/:/usr/lib/../lib64/:./:/home/application/mysql8.0.20/lib/:/home/application/mysql8.0.20/lib/private/:/home/application/mysql8.0.20/lib/plugin/:/home/application/mysql8.0.20/lib/:/home/application/mysql8.0.20/lib/private/:/home/application/mysql8.0.20/lib/plugin/:/home/application/mysql8.0.20/lib/:/home/application/mysql8.0.20/lib/private/:/home/application/mysql8.0.20/lib/plugin/:/usr/local/lib/gcc/x86_64-pc-linux-gnu/9.3.0/../../../:/lib/:/usr/lib/]
  ignore line: [COLLECT_GCC_OPTIONS='-v' '-o' 'CMakeFiles/cmTC_1b913.dir/CMakeCXXCompilerABI.cpp.o' '-c' '-shared-libgcc' '-mtune=generic' '-march=x86-64']
  ignore line: [Linking CXX executable cmTC_1b913]
  ignore line: [/home/xiuye/application/cmake-3.17.3-Linux-x86_64/bin/cmake -E cmake_link_script CMakeFiles/cmTC_1b913.dir/link.txt --verbose=1]
  ignore line: [/usr/local/bin/c++      -v -rdynamic CMakeFiles/cmTC_1b913.dir/CMakeCXXCompilerABI.cpp.o  -o cmTC_1b913 ]
  ignore line: [Using built-in specs.]
  ignore line: [COLLECT_GCC=/usr/local/bin/c++]
  ignore line: [COLLECT_LTO_WRAPPER=/usr/local/libexec/gcc/x86_64-pc-linux-gnu/9.3.0/lto-wrapper]
  ignore line: [Target: x86_64-pc-linux-gnu]
  ignore line: [Configured with: ./configure --disable-multilib]
  ignore line: [Thread model: posix]
  ignore line: [gcc version 9.3.0 (GCC) ]
  ignore line: [COMPILER_PATH=/usr/local/libexec/gcc/x86_64-pc-linux-gnu/9.3.0/:/usr/local/libexec/gcc/x86_64-pc-linux-gnu/9.3.0/:/usr/local/libexec/gcc/x86_64-pc-linux-gnu/:/usr/local/lib/gcc/x86_64-pc-linux-gnu/9.3.0/:/usr/local/lib/gcc/x86_64-pc-linux-gnu/]
  ignore line: [LIBRARY_PATH=/usr/local/lib/gcc/x86_64-pc-linux-gnu/9.3.0/:/usr/local/lib/gcc/x86_64-pc-linux-gnu/9.3.0/../../../../lib64/:/lib/../lib64/:/usr/lib/../lib64/:./:/home/application/mysql8.0.20/lib/:/home/application/mysql8.0.20/lib/private/:/home/application/mysql8.0.20/lib/plugin/:/home/application/mysql8.0.20/lib/:/home/application/mysql8.0.20/lib/private/:/home/application/mysql8.0.20/lib/plugin/:/home/application/mysql8.0.20/lib/:/home/application/mysql8.0.20/lib/private/:/home/application/mysql8.0.20/lib/plugin/:/usr/local/lib/gcc/x86_64-pc-linux-gnu/9.3.0/../../../:/lib/:/usr/lib/]
  ignore line: [COLLECT_GCC_OPTIONS='-v' '-rdynamic' '-o' 'cmTC_1b913' '-shared-libgcc' '-mtune=generic' '-march=x86-64']
  link line: [ /usr/local/libexec/gcc/x86_64-pc-linux-gnu/9.3.0/collect2 -plugin /usr/local/libexec/gcc/x86_64-pc-linux-gnu/9.3.0/liblto_plugin.so -plugin-opt=/usr/local/libexec/gcc/x86_64-pc-linux-gnu/9.3.0/lto-wrapper -plugin-opt=-fresolution=/tmp/ccbMm8qM.res -plugin-opt=-pass-through=-lgcc_s -plugin-opt=-pass-through=-lgcc -plugin-opt=-pass-through=-lc -plugin-opt=-pass-through=-lgcc_s -plugin-opt=-pass-through=-lgcc --eh-frame-hdr -m elf_x86_64 -export-dynamic -dynamic-linker /lib64/ld-linux-x86-64.so.2 -o cmTC_1b913 /lib/../lib64/crt1.o /lib/../lib64/crti.o /usr/local/lib/gcc/x86_64-pc-linux-gnu/9.3.0/crtbegin.o -L/usr/local/lib/gcc/x86_64-pc-linux-gnu/9.3.0 -L/usr/local/lib/gcc/x86_64-pc-linux-gnu/9.3.0/../../../../lib64 -L/lib/../lib64 -L/usr/lib/../lib64 -L. -L/home/application/mysql8.0.20/lib -L/home/application/mysql8.0.20/lib/private -L/home/application/mysql8.0.20/lib/plugin -L/home/application/mysql8.0.20/lib -L/home/application/mysql8.0.20/lib/private -L/home/application/mysql8.0.20/lib/plugin -L/home/application/mysql8.0.20/lib -L/home/application/mysql8.0.20/lib/private -L/home/application/mysql8.0.20/lib/plugin -L/usr/local/lib/gcc/x86_64-pc-linux-gnu/9.3.0/../../.. CMakeFiles/cmTC_1b913.dir/CMakeCXXCompilerABI.cpp.o -lstdc++ -lm -lgcc_s -lgcc -lc -lgcc_s -lgcc /usr/local/lib/gcc/x86_64-pc-linux-gnu/9.3.0/crtend.o /lib/../lib64/crtn.o]
    arg [/usr/local/libexec/gcc/x86_64-pc-linux-gnu/9.3.0/collect2] ==> ignore
    arg [-plugin] ==> ignore
    arg [/usr/local/libexec/gcc/x86_64-pc-linux-gnu/9.3.0/liblto_plugin.so] ==> ignore
    arg [-plugin-opt=/usr/local/libexec/gcc/x86_64-pc-linux-gnu/9.3.0/lto-wrapper] ==> ignore
    arg [-plugin-opt=-fresolution=/tmp/ccbMm8qM.res] ==> ignore
    arg [-plugin-opt=-pass-through=-lgcc_s] ==> ignore
    arg [-plugin-opt=-pass-through=-lgcc] ==> ignore
    arg [-plugin-opt=-pass-through=-lc] ==> ignore
    arg [-plugin-opt=-pass-through=-lgcc_s] ==> ignore
    arg [-plugin-opt=-pass-through=-lgcc] ==> ignore
    arg [--eh-frame-hdr] ==> ignore
    arg [-m] ==> ignore
    arg [elf_x86_64] ==> ignore
    arg [-export-dynamic] ==> ignore
    arg [-dynamic-linker] ==> ignore
    arg [/lib64/ld-linux-x86-64.so.2] ==> ignore
    arg [-o] ==> ignore
    arg [cmTC_1b913] ==> ignore
    arg [/lib/../lib64/crt1.o] ==> ignore
    arg [/lib/../lib64/crti.o] ==> ignore
    arg [/usr/local/lib/gcc/x86_64-pc-linux-gnu/9.3.0/crtbegin.o] ==> ignore
    arg [-L/usr/local/lib/gcc/x86_64-pc-linux-gnu/9.3.0] ==> dir [/usr/local/lib/gcc/x86_64-pc-linux-gnu/9.3.0]
    arg [-L/usr/local/lib/gcc/x86_64-pc-linux-gnu/9.3.0/../../../../lib64] ==> dir [/usr/local/lib/gcc/x86_64-pc-linux-gnu/9.3.0/../../../../lib64]
    arg [-L/lib/../lib64] ==> dir [/lib/../lib64]
    arg [-L/usr/lib/../lib64] ==> dir [/usr/lib/../lib64]
    arg [-L.] ==> ignore
    arg [-L/home/application/mysql8.0.20/lib] ==> dir [/home/application/mysql8.0.20/lib]
    arg [-L/home/application/mysql8.0.20/lib/private] ==> dir [/home/application/mysql8.0.20/lib/private]
    arg [-L/home/application/mysql8.0.20/lib/plugin] ==> dir [/home/application/mysql8.0.20/lib/plugin]
    arg [-L/home/application/mysql8.0.20/lib] ==> dir [/home/application/mysql8.0.20/lib]
    arg [-L/home/application/mysql8.0.20/lib/private] ==> dir [/home/application/mysql8.0.20/lib/private]
    arg [-L/home/application/mysql8.0.20/lib/plugin] ==> dir [/home/application/mysql8.0.20/lib/plugin]
    arg [-L/home/application/mysql8.0.20/lib] ==> dir [/home/application/mysql8.0.20/lib]
    arg [-L/home/application/mysql8.0.20/lib/private] ==> dir [/home/application/mysql8.0.20/lib/private]
    arg [-L/home/application/mysql8.0.20/lib/plugin] ==> dir [/home/application/mysql8.0.20/lib/plugin]
    arg [-L/usr/local/lib/gcc/x86_64-pc-linux-gnu/9.3.0/../../..] ==> dir [/usr/local/lib/gcc/x86_64-pc-linux-gnu/9.3.0/../../..]
    arg [CMakeFiles/cmTC_1b913.dir/CMakeCXXCompilerABI.cpp.o] ==> ignore
    arg [-lstdc++] ==> lib [stdc++]
    arg [-lm] ==> lib [m]
    arg [-lgcc_s] ==> lib [gcc_s]
    arg [-lgcc] ==> lib [gcc]
    arg [-lc] ==> lib [c]
    arg [-lgcc_s] ==> lib [gcc_s]
    arg [-lgcc] ==> lib [gcc]
    arg [/usr/local/lib/gcc/x86_64-pc-linux-gnu/9.3.0/crtend.o] ==> ignore
    arg [/lib/../lib64/crtn.o] ==> ignore
  collapse library dir [/usr/local/lib/gcc/x86_64-pc-linux-gnu/9.3.0] ==> [/usr/local/lib/gcc/x86_64-pc-linux-gnu/9.3.0]
  collapse library dir [/usr/local/lib/gcc/x86_64-pc-linux-gnu/9.3.0/../../../../lib64] ==> [/usr/local/lib64]
  collapse library dir [/lib/../lib64] ==> [/lib64]
  collapse library dir [/usr/lib/../lib64] ==> [/usr/lib64]
  collapse library dir [/home/application/mysql8.0.20/lib] ==> [/home/application/mysql8.0.20/lib]
  collapse library dir [/home/application/mysql8.0.20/lib/private] ==> [/home/application/mysql8.0.20/lib/private]
  collapse library dir [/home/application/mysql8.0.20/lib/plugin] ==> [/home/application/mysql8.0.20/lib/plugin]
  collapse library dir [/home/application/mysql8.0.20/lib] ==> [/home/application/mysql8.0.20/lib]
  collapse library dir [/home/application/mysql8.0.20/lib/private] ==> [/home/application/mysql8.0.20/lib/private]
  collapse library dir [/home/application/mysql8.0.20/lib/plugin] ==> [/home/application/mysql8.0.20/lib/plugin]
  collapse library dir [/home/application/mysql8.0.20/lib] ==> [/home/application/mysql8.0.20/lib]
  collapse library dir [/home/application/mysql8.0.20/lib/private] ==> [/home/application/mysql8.0.20/lib/private]
  collapse library dir [/home/application/mysql8.0.20/lib/plugin] ==> [/home/application/mysql8.0.20/lib/plugin]
  collapse library dir [/usr/local/lib/gcc/x86_64-pc-linux-gnu/9.3.0/../../..] ==> [/usr/local/lib]
  implicit libs: [stdc++;m;gcc_s;gcc;c;gcc_s;gcc]
  implicit dirs: [/usr/local/lib/gcc/x86_64-pc-linux-gnu/9.3.0;/usr/local/lib64;/lib64;/usr/lib64;/home/application/mysql8.0.20/lib;/home/application/mysql8.0.20/lib/private;/home/application/mysql8.0.20/lib/plugin;/usr/local/lib]
  implicit fwks: []


